app/seeds.txt
com.yangpeiwen.remotefish.Controller
com.yangpeiwen.remotefish.Controller: Controller()
com.yangpeiwen.remotefish.Controller: void up(android.view.View)
com.yangpeiwen.remotefish.Controller: void down(android.view.View)
com.yangpeiwen.remotefish.Controller: void takephoto(android.view.View)
com.yangpeiwen.remotefish.Controller: void takevideo(android.view.View)
com.yangpeiwen.remotefish.Controller: void light(android.view.View)
com.yangpeiwen.remotefish.Controller: void connect_STM32(android.view.View)
com.yangpeiwen.remotefish.Controller: void connect_STM32_2(android.view.View)
com.yangpeiwen.remotefish.Controller: void connect_RPi(android.view.View)
com.yangpeiwen.remotefish.Controller: void connect_RPi2(android.view.View)
com.yangpeiwen.remotefish.Controller: void update(android.view.View)
com.yangpeiwen.remotefish.Controller: boolean connect_STM32()
com.yangpeiwen.remotefish.JoystickView
com.yangpeiwen.remotefish.JoystickView: JoystickView(android.content.Context)
com.yangpeiwen.remotefish.JoystickView: JoystickView(android.content.Context,android.util.AttributeSet)
com.yangpeiwen.remotefish.JoystickView: JoystickView(android.content.Context,android.util.AttributeSet,int)
com.yangpeiwen.remotefish.JoystickView: int getAngle()
com.yangpeiwen.remotefish.JoystickView: int getPower()
com.yangpeiwen.remotefish.JoystickView: int getDirection()
com.yangpeiwen.remotefish.R$anim: int abc_fade_in
com.yangpeiwen.remotefish.R$anim: int abc_fade_out
com.yangpeiwen.remotefish.R$anim: int abc_grow_fade_in_from_bottom
com.yangpeiwen.remotefish.R$anim: int abc_popup_enter
com.yangpeiwen.remotefish.R$anim: int abc_popup_exit
com.yangpeiwen.remotefish.R$anim: int abc_shrink_fade_out_from_bottom
com.yangpeiwen.remotefish.R$anim: int abc_slide_in_bottom
com.yangpeiwen.remotefish.R$anim: int abc_slide_in_top
com.yangpeiwen.remotefish.R$anim: int abc_slide_out_bottom
com.yangpeiwen.remotefish.R$anim: int abc_slide_out_top
com.yangpeiwen.remotefish.R$attr: int actionBarDivider
com.yangpeiwen.remotefish.R$attr: int actionBarItemBackground
com.yangpeiwen.remotefish.R$attr: int actionBarPopupTheme
com.yangpeiwen.remotefish.R$attr: int actionBarSize
com.yangpeiwen.remotefish.R$attr: int actionBarSplitStyle
com.yangpeiwen.remotefish.R$attr: int actionBarStyle
com.yangpeiwen.remotefish.R$attr: int actionBarTabBarStyle
com.yangpeiwen.remotefish.R$attr: int actionBarTabStyle
com.yangpeiwen.remotefish.R$attr: int actionBarTabTextStyle
com.yangpeiwen.remotefish.R$attr: int actionBarTheme
com.yangpeiwen.remotefish.R$attr: int actionBarWidgetTheme
com.yangpeiwen.remotefish.R$attr: int actionButtonStyle
com.yangpeiwen.remotefish.R$attr: int actionDropDownStyle
com.yangpeiwen.remotefish.R$attr: int actionLayout
com.yangpeiwen.remotefish.R$attr: int actionMenuTextAppearance
com.yangpeiwen.remotefish.R$attr: int actionMenuTextColor
com.yangpeiwen.remotefish.R$attr: int actionModeBackground
com.yangpeiwen.remotefish.R$attr: int actionModeCloseButtonStyle
com.yangpeiwen.remotefish.R$attr: int actionModeCloseDrawable
com.yangpeiwen.remotefish.R$attr: int actionModeCopyDrawable
com.yangpeiwen.remotefish.R$attr: int actionModeCutDrawable
com.yangpeiwen.remotefish.R$attr: int actionModeFindDrawable
com.yangpeiwen.remotefish.R$attr: int actionModePasteDrawable
com.yangpeiwen.remotefish.R$attr: int actionModePopupWindowStyle
com.yangpeiwen.remotefish.R$attr: int actionModeSelectAllDrawable
...
com.googlecode.javacv.cpp.opencv_highgui$CvMouseCallback
com.googlecode.javacv.cpp.opencv_highgui$CvMouseCallback: opencv_highgui$CvMouseCallback(com.googlecode.javacpp.Pointer)
com.googlecode.javacv.cpp.opencv_highgui$CvMouseCallback: opencv_highgui$CvMouseCallback()
com.googlecode.javacv.cpp.opencv_highgui$CvMouseCallback: void allocate()
com.googlecode.javacv.cpp.opencv_highgui$CvMouseCallback: void call(int,int,int,int,com.googlecode.javacpp.Pointer)
com.googlecode.javacv.cpp.opencv_highgui$CvMouseCallback: void <clinit>()
com.googlecode.javacv.cpp.opencv_highgui$CvOpenGLCallback
com.googlecode.javacv.cpp.opencv_highgui$CvOpenGLCallback: opencv_highgui$CvOpenGLCallback(com.googlecode.javacpp.Pointer)
com.googlecode.javacv.cpp.opencv_highgui$CvOpenGLCallback: opencv_highgui$CvOpenGLCallback()
com.googlecode.javacv.cpp.opencv_highgui$CvOpenGLCallback: void allocate()
com.googlecode.javacv.cpp.opencv_highgui$CvOpenGLCallback: void call(com.googlecode.javacpp.Pointer)
com.googlecode.javacv.cpp.opencv_highgui$CvOpenGLCallback: void <clinit>()
com.googlecode.javacv.cpp.opencv_highgui$CvTrackbarCallback
com.googlecode.javacv.cpp.opencv_highgui$CvTrackbarCallback: opencv_highgui$CvTrackbarCallback(com.googlecode.javacpp.Pointer)
com.googlecode.javacv.cpp.opencv_highgui$CvTrackbarCallback: opencv_highgui$CvTrackbarCallback()
com.googlecode.javacv.cpp.opencv_highgui$CvTrackbarCallback: void allocate()
com.googlecode.javacv.cpp.opencv_highgui$CvTrackbarCallback: void call(int)
com.googlecode.javacv.cpp.opencv_highgui$CvTrackbarCallback: void <clinit>()
com.googlecode.javacv.cpp.opencv_highgui$CvTrackbarCallback2
com.googlecode.javacv.cpp.opencv_highgui$CvTrackbarCallback2: opencv_highgui$CvTrackbarCallback2(com.googlecode.javacpp.Pointer)
com.googlecode.javacv.cpp.opencv_highgui$CvTrackbarCallback2: opencv_highgui$CvTrackbarCallback2()
com.googlecode.javacv.cpp.opencv_highgui$CvTrackbarCallback2: void allocate()
com.googlecode.javacv.cpp.opencv_highgui$CvTrackbarCallback2: void call(int,com.googlecode.javacpp.Pointer)
com.googlecode.javacv.cpp.opencv_highgui$CvTrackbarCallback2: void <clinit>()
com.googlecode.javacv.cpp.opencv_highgui$CvVideoWriter
com.googlecode.javacv.cpp.opencv_highgui$CvVideoWriter: opencv_highgui$CvVideoWriter()
com.googlecode.javacv.cpp.opencv_highgui$CvVideoWriter: opencv_highgui$CvVideoWriter(com.googlecode.javacpp.Pointer)
com.googlecode.javacv.cpp.opencv_highgui$CvVideoWriter: void <clinit>()
com.googlecode.javacv.cpp.opencv_highgui$Pt2Func
com.googlecode.javacv.cpp.opencv_highgui$Pt2Func: opencv_highgui$Pt2Func(com.googlecode.javacpp.Pointer)
com.googlecode.javacv.cpp.opencv_highgui$Pt2Func: opencv_highgui$Pt2Func()
com.googlecode.javacv.cpp.opencv_highgui$Pt2Func: void allocate()
com.googlecode.javacv.cpp.opencv_highgui$Pt2Func: int call(int,com.googlecode.javacpp.PointerPointer)
com.googlecode.javacv.cpp.opencv_highgui$Pt2Func: void <clinit>()