app/mapping.txt
com.yangpeiwen.remotefish.Common -> com.yangpeiwen.remotefish.a:
    java.lang.String bytesToHexString(byte[]) -> a
    boolean isWifiConnected(android.content.Context) -> a
com.yangpeiwen.remotefish.Controller -> com.yangpeiwen.remotefish.Controller:
    android.widget.ImageView imageview -> a
    android.widget.TextView joystickTextview -> b
    java.lang.Thread refreshString -> c
    float yaw -> d
    int nowangle -> e
    int lastangle -> f
    int nowspd -> g
    int lastspd -> h
    long nowtime -> i
    long lasttime -> j
    java.lang.Runnable videoRunnable -> k
    boolean taking_video -> l
    java.lang.Runnable updateRunnable -> m
    byte[] command -> n
    java.lang.Runnable runnable_send_stm32 -> o
    java.lang.Thread stm32_thread -> p
    java.lang.String STM32_IP -> q
    com.yangpeiwen.remotefish.connector.RaspberryPiConnector raspberryPiConnector -> r
    java.lang.String datastring -> s
    java.lang.Runnable runnable_connect_STM32 -> t
    android.graphics.Bitmap bitmap_display -> u
    com.googlecode.javacv.cpp.opencv_core$IplImage image_now -> v
    java.lang.String showString -> w
    android.widget.Toast toast -> x
    android.os.Handler handler -> y
    java.net.Socket client_STM32 -> z
    java.io.OutputStream outputStream_STM32 -> A
    java.io.InputStream inputStream_STM32 -> B
    int port_stm32 -> C
    java.util.concurrent.ExecutorService executorService -> D
    void <init>() -> <init>
    void onCreate(android.os.Bundle) -> onCreate
    void up(android.view.View) -> up
    void down(android.view.View) -> down
    boolean onCreateOptionsMenu(android.view.Menu) -> onCreateOptionsMenu
com.yangpeiwen.remotefish.Controller$1 -> com.yangpeiwen.remotefish.b:
    com.yangpeiwen.remotefish.Controller this$0 -> a
    void <init>(com.yangpeiwen.remotefish.Controller) -> <init>
    void onSensorChanged(android.hardware.SensorEvent) -> onSensorChanged
    void onAccuracyChanged(android.hardware.Sensor,int) -> onAccuracyChanged
com.yangpeiwen.remotefish.Controller$10 -> com.yangpeiwen.remotefish.c:
    com.yangpeiwen.remotefish.Controller this$0 -> a
    void <init>(com.yangpeiwen.remotefish.Controller) -> <init>
    boolean onTouch(android.view.View,android.view.MotionEvent) -> onTouch
com.yangpeiwen.remotefish.Controller$11 -> com.yangpeiwen.remotefish.d:
    com.yangpeiwen.remotefish.Controller this$0 -> a
    void <init>(com.yangpeiwen.remotefish.Controller) -> <init>
    boolean onTouch(android.view.View,android.view.MotionEvent) -> onTouch
com.yangpeiwen.remotefish.Controller$12 -> com.yangpeiwen.remotefish.e:
    com.yangpeiwen.remotefish.Controller this$0 -> a
    void <init>(com.yangpeiwen.remotefish.Controller) -> <init>
    boolean onTouch(android.view.View,android.view.MotionEvent) -> onTouch
com.yangpeiwen.remotefish.Controller$13 -> com.yangpeiwen.remotefish.f:
    com.yangpeiwen.remotefish.Controller this$0 -> a
    void <init>(com.yangpeiwen.remotefish.Controller) -> <init>
    void run() -> run
com.yangpeiwen.remotefish.Controller$14 -> com.yangpeiwen.remotefish.g:
    com.yangpeiwen.remotefish.Controller this$0 -> a
    void <init>(com.yangpeiwen.remotefish.Controller) -> <init>
    void run() -> run
com.yangpeiwen.remotefish.Controller$15 -> com.yangpeiwen.remotefish.h:
    com.yangpeiwen.remotefish.Controller this$0 -> a
    void <init>(com.yangpeiwen.remotefish.Controller) -> <init>
    void run() -> run
com.yangpeiwen.remotefish.Controller$16 -> com.yangpeiwen.remotefish.i:
    com.yangpeiwen.remotefish.Controller this$0 -> a
    void <init>(com.yangpeiwen.remotefish.Controller) -> <init>
    void onPictureReceived(android.graphics.Bitmap) -> a
com.yangpeiwen.remotefish.Controller$17 -> com.yangpeiwen.remotefish.j:
    com.yangpeiwen.remotefish.Controller this$0 -> a
    void <init>(com.yangpeiwen.remotefish.Controller) -> <init>
    void onPictureReceived(android.graphics.Bitmap) -> a
...
android.support.v4.hardware.fingerprint.FingerprintManagerCompat$Api23FingerprintManagerCompatImpl -> android.support.v4.hardware.fingerprint.FingerprintManagerCompat$Api23FingerprintManagerCompatImpl:
    void <init>() -> <init>
    android.support.v4.hardware.fingerprint.FingerprintManagerCompat$CryptoObject unwrapCryptoObject(android.support.v4.hardware.fingerprint.FingerprintManagerCompatApi23$CryptoObject) -> b
    android.support.v4.hardware.fingerprint.FingerprintManagerCompat$CryptoObject access$000(android.support.v4.hardware.fingerprint.FingerprintManagerCompatApi23$CryptoObject) -> a
android.support.v4.hardware.fingerprint.FingerprintManagerCompat$Api23FingerprintManagerCompatImpl$1 -> android.support.v4.hardware.fingerprint.FingerprintManagerCompat$Api23FingerprintManagerCompatImpl$1:
    android.support.v4.hardware.fingerprint.FingerprintManagerCompat$AuthenticationCallback val$callback -> a
    void onAuthenticationError(int,java.lang.CharSequence) -> a
    void onAuthenticationHelp(int,java.lang.CharSequence) -> b
    void onAuthenticationSucceeded(android.support.v4.hardware.fingerprint.FingerprintManagerCompatApi23$AuthenticationResultInternal) -> a
    void onAuthenticationFailed() -> a
android.support.v4.hardware.fingerprint.FingerprintManagerCompat$AuthenticationCallback -> android.support.v4.hardware.fingerprint.FingerprintManagerCompat$AuthenticationCallback:
    void <init>() -> <init>
    void onAuthenticationError(int,java.lang.CharSequence) -> a
    void onAuthenticationHelp(int,java.lang.CharSequence) -> b
    void onAuthenticationSucceeded(android.support.v4.hardware.fingerprint.FingerprintManagerCompat$AuthenticationResult) -> a
    void onAuthenticationFailed() -> a
android.support.v4.hardware.fingerprint.FingerprintManagerCompat$AuthenticationResult -> android.support.v4.hardware.fingerprint.FingerprintManagerCompat$AuthenticationResult:
    android.support.v4.hardware.fingerprint.FingerprintManagerCompat$CryptoObject mCryptoObject -> a
    void <init>(android.support.v4.hardware.fingerprint.FingerprintManagerCompat$CryptoObject) -> <init>
android.support.v4.hardware.fingerprint.FingerprintManagerCompat$CryptoObject -> android.support.v4.hardware.fingerprint.FingerprintManagerCompat$CryptoObject:
    java.security.Signature mSignature -> a
    javax.crypto.Cipher mCipher -> b
    javax.crypto.Mac mMac -> c
    void <init>(java.security.Signature) -> <init>
    void <init>(javax.crypto.Cipher) -> <init>
    void <init>(javax.crypto.Mac) -> <init>
android.support.v4.hardware.fingerprint.FingerprintManagerCompat$FingerprintManagerCompatImpl -> android.support.v4.hardware.fingerprint.FingerprintManagerCompat$FingerprintManagerCompatImpl:
android.support.v4.hardware.fingerprint.FingerprintManagerCompat$LegacyFingerprintManagerCompatImpl -> android.support.v4.hardware.fingerprint.FingerprintManagerCompat$LegacyFingerprintManagerCompatImpl:
    void <init>() -> <init>
android.support.v4.hardware.fingerprint.FingerprintManagerCompatApi23 -> android.support.v4.hardware.fingerprint.FingerprintManagerCompatApi23:
    void <init>() -> <init>
    android.support.v4.hardware.fingerprint.FingerprintManagerCompatApi23$CryptoObject unwrapCryptoObject(android.hardware.fingerprint.FingerprintManager$CryptoObject) -> b
    android.support.v4.hardware.fingerprint.FingerprintManagerCompatApi23$CryptoObject access$000(android.hardware.fingerprint.FingerprintManager$CryptoObject) -> a