app/unused.txt
com.yangpeiwen.remotefish.BuildConfig
com.yangpeiwen.remotefish.Common:
    12:12:public Common()
    39:42:public static void print(java.lang.String)
com.yangpeiwen.remotefish.JoystickView:
    public static final long DEFAULT_LOOP_INTERVAL
com.yangpeiwen.remotefish.R
com.yangpeiwen.remotefish.R$anim
com.yangpeiwen.remotefish.R$attr
com.yangpeiwen.remotefish.R$bool
com.yangpeiwen.remotefish.R$color
com.yangpeiwen.remotefish.R$dimen
com.yangpeiwen.remotefish.R$drawable
com.yangpeiwen.remotefish.R$id
com.yangpeiwen.remotefish.R$integer
com.yangpeiwen.remotefish.R$layout
com.yangpeiwen.remotefish.R$menu
com.yangpeiwen.remotefish.R$mipmap
com.yangpeiwen.remotefish.R$string
com.yangpeiwen.remotefish.R$style
com.yangpeiwen.remotefish.R$styleable
com.yangpeiwen.remotefish.connector.Connector:
    63:66:public void startTransfer()
    71:72:public void write(byte[])
com.yangpeiwen.remotefish.connector.STM32Connector
com.yangpeiwen.remotefish.util.FFmpegFrameRecorder:
    83:83:public static com.yangpeiwen.remotefish.util.FFmpegFrameRecorder createDefault(java.io.File,int,int)
    84:84:public static com.yangpeiwen.remotefish.util.FFmpegFrameRecorder createDefault(java.lang.String,int,int)
    88:104:public static void tryLoad()
    113:114:public FFmpegFrameRecorder(java.io.File,int)
    116:117:public FFmpegFrameRecorder(java.lang.String,int)
...
android.support.v4.media.session.MediaControllerCompatApi21:
    38:38:public static java.lang.Object fromToken(android.content.Context,java.lang.Object)
    46:48:public static void registerCallback(java.lang.Object,java.lang.Object,android.os.Handler)
    51:53:public static void unregisterCallback(java.lang.Object,java.lang.Object)
    56:56:public static java.lang.Object getTransportControls(java.lang.Object)
    60:60:public static java.lang.Object getPlaybackState(java.lang.Object)
    64:64:public static java.lang.Object getMetadata(java.lang.Object)
    68:73:public static java.util.List getQueue(java.lang.Object)
    77:77:public static java.lang.CharSequence getQueueTitle(java.lang.Object)
    81:81:public static android.os.Bundle getExtras(java.lang.Object)
    85:85:public static int getRatingType(java.lang.Object)
    89:89:public static long getFlags(java.lang.Object)
    93:93:public static java.lang.Object getPlaybackInfo(java.lang.Object)
    97:97:public static android.app.PendingIntent getSessionActivity(java.lang.Object)
    101:101:public static boolean dispatchMediaButtonEvent(java.lang.Object,android.view.KeyEvent)
    105:106:public static void setVolumeTo(java.lang.Object,int,int)
    109:110:public static void adjustVolume(java.lang.Object,int,int)
    114:115:public static void sendCommand(java.lang.Object,java.lang.String,android.os.Bundle,android.os.ResultReceiver)
    118:118:public static java.lang.String getPackageName(java.lang.Object)
android.support.v4.media.session.MediaControllerCompatApi21$PlaybackInfo:
    private static final int FLAG_SCO
    private static final int STREAM_BLUETOOTH_SCO
    private static final int STREAM_SYSTEM_ENFORCED
    177:177:public static int getPlaybackType(java.lang.Object)
    181:181:public static android.media.AudioAttributes getAudioAttributes(java.lang.Object)
    185:186:public static int getLegacyAudioStream(java.lang.Object)
    190:190:public static int getVolumeControl(java.lang.Object)
    194:194:public static int getMaxVolume(java.lang.Object)
    198:198:public static int getCurrentVolume(java.lang.Object)
    209:242:private static int toLegacyStreamType(android.media.AudioAttributes)
android.support.v4.media.session.MediaControllerCompatApi21$TransportControls:
    123:124:public static void play(java.lang.Object)
    127:128:public static void pause(java.lang.Object)
    131:132:public static void stop(java.lang.Object)
    135:136:public static void seekTo(java.lang.Object,long)
    139:140:public static void fastForward(java.lang.Object)
    143:144:public static void rewind(java.lang.Object)
    147:148:public static void skipToNext(java.lang.Object)
    151:152:public static void skipToPrevious(java.lang.Object)
    155:156:public static void setRating(java.lang.Object,java.lang.Object)
    159:160:public static void playFromMediaId(java.lang.Object,java.lang.String,android.os.Bundle)
    163:164:public static void playFromSearch(java.lang.Object,java.lang.String,android.os.Bundle)
    167:168:public static void skipToQueueItem(java.lang.Object,long)
    171:172:public static void sendCustomAction(java.lang.Object,java.lang.String,android.os.Bundle)
android.support.v4.media.session.MediaControllerCompatApi23$TransportControls:
    27:28:public static void playFromUri(java.lang.Object,android.net.Uri,android.os.Bundle)